[15-Oct-2018 18:44:00 UTC] PHP Fatal error:  Cannot use App\Campaign\Referrer as Referrer because the name is already in use in /Users/jaredclemence/darknet/app/Http/Controllers/ReferralOfferViewController.php on line 10
[15-Oct-2018 18:44:00 UTC] PHP Stack trace:
[15-Oct-2018 18:44:00 UTC] PHP   1. {main}() /usr/local/bin/phpunit:0
[15-Oct-2018 18:44:00 UTC] PHP   2. PHPUnit\TextUI\Command::main() /usr/local/bin/phpunit:560
[15-Oct-2018 18:44:00 UTC] PHP   3. PHPUnit\TextUI\Command->run() phar:///usr/local/bin/phpunit/phpunit/TextUI/Command.php:141
[15-Oct-2018 18:44:00 UTC] PHP   4. PHPUnit\TextUI\TestRunner->doRun() phar:///usr/local/bin/phpunit/phpunit/TextUI/Command.php:212
[15-Oct-2018 18:44:00 UTC] PHP   5. PHPUnit\Framework\TestSuite->run() phar:///usr/local/bin/phpunit/phpunit/TextUI/TestRunner.php:537
[15-Oct-2018 18:44:00 UTC] PHP   6. PHPUnit\Framework\TestSuite->run() phar:///usr/local/bin/phpunit/phpunit/Framework/TestSuite.php:744
[15-Oct-2018 18:44:00 UTC] PHP   7. PHPUnit\Framework\TestSuite->run() phar:///usr/local/bin/phpunit/phpunit/Framework/TestSuite.php:744
[15-Oct-2018 18:44:00 UTC] PHP   8. PHPUnit\Framework\DataProviderTestSuite->run() phar:///usr/local/bin/phpunit/phpunit/Framework/TestSuite.php:744
[15-Oct-2018 18:44:00 UTC] PHP   9. Tests\Unit\T00001Test->run() phar:///usr/local/bin/phpunit/phpunit/Framework/TestSuite.php:744
[15-Oct-2018 18:44:00 UTC] PHP  10. PHPUnit\Framework\TestResult->run() phar:///usr/local/bin/phpunit/phpunit/Framework/TestCase.php:883
[15-Oct-2018 18:44:00 UTC] PHP  11. Tests\Unit\T00001Test->runBare() phar:///usr/local/bin/phpunit/phpunit/Framework/TestResult.php:695
[15-Oct-2018 18:44:00 UTC] PHP  12. Tests\Unit\T00001Test->runTest() phar:///usr/local/bin/phpunit/phpunit/Framework/TestCase.php:928
[15-Oct-2018 18:44:00 UTC] PHP  13. ReflectionMethod->invokeArgs() phar:///usr/local/bin/phpunit/phpunit/Framework/TestCase.php:1069
[15-Oct-2018 18:44:00 UTC] PHP  14. Tests\Unit\T00001Test->testPageLoad() phar:///usr/local/bin/phpunit/phpunit/Framework/TestCase.php:1069
[15-Oct-2018 18:44:00 UTC] PHP  15. Tests\Unit\T00001Test->get() /Users/jaredclemence/darknet/tests/Unit/T00001Test.php:26
[15-Oct-2018 18:44:00 UTC] PHP  16. Tests\Unit\T00001Test->call() /Users/jaredclemence/darknet/vendor/laravel/framework/src/Illuminate/Foundation/Testing/Concerns/MakesHttpRequests.php:168
[15-Oct-2018 18:44:00 UTC] PHP  17. App\Http\Kernel->handle() /Users/jaredclemence/darknet/vendor/laravel/framework/src/Illuminate/Foundation/Testing/Concerns/MakesHttpRequests.php:345
[15-Oct-2018 18:44:00 UTC] PHP  18. App\Http\Kernel->sendRequestThroughRouter() /Users/jaredclemence/darknet/vendor/laravel/framework/src/Illuminate/Foundation/Http/Kernel.php:116
[15-Oct-2018 18:44:00 UTC] PHP  19. Illuminate\Routing\Pipeline->then() /Users/jaredclemence/darknet/vendor/laravel/framework/src/Illuminate/Foundation/Http/Kernel.php:151
[15-Oct-2018 18:44:00 UTC] PHP  20. Illuminate\Routing\Pipeline->Illuminate\Routing\{closure}() /Users/jaredclemence/darknet/vendor/laravel/framework/src/Illuminate/Pipeline/Pipeline.php:104
[15-Oct-2018 18:44:00 UTC] PHP  21. Illuminate\Routing\Pipeline->Illuminate\Pipeline\{closure}() /Users/jaredclemence/darknet/vendor/laravel/framework/src/Illuminate/Routing/Pipeline.php:53
[15-Oct-2018 18:44:00 UTC] PHP  22. App\Http\Middleware\CheckForMaintenanceMode->handle() /Users/jaredclemence/darknet/vendor/laravel/framework/src/Illuminate/Pipeline/Pipeline.php:151
[15-Oct-2018 18:44:00 UTC] PHP  23. Illuminate\Routing\Pipeline->Illuminate\Routing\{closure}() /Users/jaredclemence/darknet/vendor/laravel/framework/src/Illuminate/Foundation/Http/Middleware/CheckForMaintenanceMode.php:62
[15-Oct-2018 18:44:00 UTC] PHP  24. Illuminate\Routing\Pipeline->Illuminate\Pipeline\{closure}() /Users/jaredclemence/darknet/vendor/laravel/framework/src/Illuminate/Routing/Pipeline.php:53
[15-Oct-2018 18:44:00 UTC] PHP  25. Illuminate\Foundation\Http\Middleware\ValidatePostSize->handle() /Users/jaredclemence/darknet/vendor/laravel/framework/src/Illuminate/Pipeline/Pipeline.php:151
[15-Oct-2018 18:44:00 UTC] PHP  26. Illuminate\Routing\Pipeline->Illuminate\Routing\{closure}() /Users/jaredclemence/darknet/vendor/laravel/framework/src/Illuminate/Foundation/Http/Middleware/ValidatePostSize.php:27
[15-Oct-2018 18:44:00 UTC] PHP  27. Illuminate\Routing\Pipeline->Illuminate\Pipeline\{closure}() /Users/jaredclemence/darknet/vendor/laravel/framework/src/Illuminate/Routing/Pipeline.php:53
[15-Oct-2018 18:44:00 UTC] PHP  28. App\Http\Middleware\TrimStrings->handle() /Users/jaredclemence/darknet/vendor/laravel/framework/src/Illuminate/Pipeline/Pipeline.php:151
[15-Oct-2018 18:44:00 UTC] PHP  29. Illuminate\Routing\Pipeline->Illuminate\Routing\{closure}() /Users/jaredclemence/darknet/vendor/laravel/framework/src/Illuminate/Foundation/Http/Middleware/TransformsRequest.php:31
[15-Oct-2018 18:44:00 UTC] PHP  30. Illuminate\Routing\Pipeline->Illuminate\Pipeline\{closure}() /Users/jaredclemence/darknet/vendor/laravel/framework/src/Illuminate/Routing/Pipeline.php:53
[15-Oct-2018 18:44:00 UTC] PHP  31. Illuminate\Foundation\Http\Middleware\ConvertEmptyStringsToNull->handle() /Users/jaredclemence/darknet/vendor/laravel/framework/src/Illuminate/Pipeline/Pipeline.php:151
[15-Oct-2018 18:44:00 UTC] PHP  32. Illuminate\Routing\Pipeline->Illuminate\Routing\{closure}() /Users/jaredclemence/darknet/vendor/laravel/framework/src/Illuminate/Foundation/Http/Middleware/TransformsRequest.php:31
[15-Oct-2018 18:44:00 UTC] PHP  33. Illuminate\Routing\Pipeline->Illuminate\Pipeline\{closure}() /Users/jaredclemence/darknet/vendor/laravel/framework/src/Illuminate/Routing/Pipeline.php:53
[15-Oct-2018 18:44:00 UTC] PHP  34. App\Http\Middleware\TrustProxies->handle() /Users/jaredclemence/darknet/vendor/laravel/framework/src/Illuminate/Pipeline/Pipeline.php:151
[15-Oct-2018 18:44:00 UTC] PHP  35. Illuminate\Routing\Pipeline->Illuminate\Routing\{closure}() /Users/jaredclemence/darknet/vendor/fideloper/proxy/src/TrustProxies.php:57
[15-Oct-2018 18:44:00 UTC] PHP  36. App\Http\Kernel->Illuminate\Foundation\Http\{closure}() /Users/jaredclemence/darknet/vendor/laravel/framework/src/Illuminate/Routing/Pipeline.php:30
[15-Oct-2018 18:44:00 UTC] PHP  37. Illuminate\Routing\Router->dispatch() /Users/jaredclemence/darknet/vendor/laravel/framework/src/Illuminate/Foundation/Http/Kernel.php:176
[15-Oct-2018 18:44:00 UTC] PHP  38. Illuminate\Routing\Router->dispatchToRoute() /Users/jaredclemence/darknet/vendor/laravel/framework/src/Illuminate/Routing/Router.php:611
[15-Oct-2018 18:44:00 UTC] PHP  39. Illuminate\Routing\Router->runRoute() /Users/jaredclemence/darknet/vendor/laravel/framework/src/Illuminate/Routing/Router.php:622
[15-Oct-2018 18:44:00 UTC] PHP  40. Illuminate\Routing\Router->runRouteWithinStack() /Users/jaredclemence/darknet/vendor/laravel/framework/src/Illuminate/Routing/Router.php:656
[15-Oct-2018 18:44:00 UTC] PHP  41. Illuminate\Routing\Router->gatherRouteMiddleware() /Users/jaredclemence/darknet/vendor/laravel/framework/src/Illuminate/Routing/Router.php:672
[15-Oct-2018 18:44:00 UTC] PHP  42. Illuminate\Routing\Route->gatherMiddleware() /Users/jaredclemence/darknet/vendor/laravel/framework/src/Illuminate/Routing/Router.php:692
[15-Oct-2018 18:44:00 UTC] PHP  43. Illuminate\Routing\Route->controllerMiddleware() /Users/jaredclemence/darknet/vendor/laravel/framework/src/Illuminate/Routing/Route.php:757
[15-Oct-2018 18:44:00 UTC] PHP  44. Illuminate\Routing\Route->getController() /Users/jaredclemence/darknet/vendor/laravel/framework/src/Illuminate/Routing/Route.php:796
[15-Oct-2018 18:44:00 UTC] PHP  45. Illuminate\Foundation\Application->make() /Users/jaredclemence/darknet/vendor/laravel/framework/src/Illuminate/Routing/Route.php:226
[15-Oct-2018 18:44:00 UTC] PHP  46. Illuminate\Foundation\Application->make() /Users/jaredclemence/darknet/vendor/laravel/framework/src/Illuminate/Foundation/Application.php:733
[15-Oct-2018 18:44:00 UTC] PHP  47. Illuminate\Foundation\Application->resolve() /Users/jaredclemence/darknet/vendor/laravel/framework/src/Illuminate/Container/Container.php:609
[15-Oct-2018 18:44:00 UTC] PHP  48. Illuminate\Foundation\Application->build() /Users/jaredclemence/darknet/vendor/laravel/framework/src/Illuminate/Container/Container.php:658
[15-Oct-2018 18:44:00 UTC] PHP  49. ReflectionClass->__construct() /Users/jaredclemence/darknet/vendor/laravel/framework/src/Illuminate/Container/Container.php:779
[15-Oct-2018 18:44:00 UTC] PHP  50. spl_autoload_call() /Users/jaredclemence/darknet/vendor/laravel/framework/src/Illuminate/Container/Container.php:779
[15-Oct-2018 18:44:00 UTC] PHP  51. Composer\Autoload\ClassLoader->loadClass() /Users/jaredclemence/darknet/vendor/laravel/framework/src/Illuminate/Container/Container.php:779
[15-Oct-2018 18:44:00 UTC] PHP  52. Composer\Autoload\includeFile() /Users/jaredclemence/darknet/vendor/composer/ClassLoader.php:322
[15-Oct-2018 18:44:00 UTC] PHP Fatal error:  Uncaught Illuminate\Contracts\Container\BindingResolutionException: Target [Illuminate\Contracts\Debug\ExceptionHandler] is not instantiable. in /Users/jaredclemence/darknet/vendor/laravel/framework/src/Illuminate/Container/Container.php:945
Stack trace:
#0 /Users/jaredclemence/darknet/vendor/laravel/framework/src/Illuminate/Container/Container.php(785): Illuminate\Container\Container->notInstantiable('Illuminate\\Cont...')
#1 /Users/jaredclemence/darknet/vendor/laravel/framework/src/Illuminate/Container/Container.php(658): Illuminate\Container\Container->build('Illuminate\\Cont...')
#2 /Users/jaredclemence/darknet/vendor/laravel/framework/src/Illuminate/Container/Container.php(609): Illuminate\Container\Container->resolve('Illuminate\\Cont...', Array)
#3 /Users/jaredclemence/darknet/vendor/laravel/framework/src/Illuminate/Foundation/Application.php(733): Illuminate\Container\Container->make('Illuminate\\Cont...', Array)
#4 /Users/jaredclemence/darknet/vendor/laravel/framework/src/Illuminate/Foundation/Bootst in /Users/jaredclemence/darknet/vendor/laravel/framework/src/Illuminate/Container/Container.php on line 945
[15-Oct-2018 18:44:00 UTC] PHP Stack trace:
[15-Oct-2018 18:44:00 UTC] PHP   1. {main}() /usr/local/bin/phpunit:0
[15-Oct-2018 18:44:00 UTC] PHP   2. PHPUnit\TextUI\Command::main() /usr/local/bin/phpunit:560
[15-Oct-2018 18:44:00 UTC] PHP   3. PHPUnit\TextUI\Command->run() phar:///usr/local/bin/phpunit/phpunit/TextUI/Command.php:141
[15-Oct-2018 18:44:00 UTC] PHP   4. PHPUnit\TextUI\TestRunner->doRun() phar:///usr/local/bin/phpunit/phpunit/TextUI/Command.php:212
[15-Oct-2018 18:44:00 UTC] PHP   5. PHPUnit\Framework\TestSuite->run() phar:///usr/local/bin/phpunit/phpunit/TextUI/TestRunner.php:537
[15-Oct-2018 18:44:00 UTC] PHP   6. PHPUnit\Framework\TestSuite->run() phar:///usr/local/bin/phpunit/phpunit/Framework/TestSuite.php:744
[15-Oct-2018 18:44:00 UTC] PHP   7. PHPUnit\Framework\TestSuite->run() phar:///usr/local/bin/phpunit/phpunit/Framework/TestSuite.php:744
[15-Oct-2018 18:44:00 UTC] PHP   8. PHPUnit\Framework\DataProviderTestSuite->run() phar:///usr/local/bin/phpunit/phpunit/Framework/TestSuite.php:744
[15-Oct-2018 18:44:00 UTC] PHP   9. Tests\Unit\T00001Test->run() phar:///usr/local/bin/phpunit/phpunit/Framework/TestSuite.php:744
[15-Oct-2018 18:44:00 UTC] PHP  10. PHPUnit\Framework\TestResult->run() phar:///usr/local/bin/phpunit/phpunit/Framework/TestCase.php:883
[15-Oct-2018 18:44:00 UTC] PHP  11. Tests\Unit\T00001Test->runBare() phar:///usr/local/bin/phpunit/phpunit/Framework/TestResult.php:695
[15-Oct-2018 18:44:00 UTC] PHP  12. Tests\Unit\T00001Test->runTest() phar:///usr/local/bin/phpunit/phpunit/Framework/TestCase.php:928
[15-Oct-2018 18:44:00 UTC] PHP  13. ReflectionMethod->invokeArgs() phar:///usr/local/bin/phpunit/phpunit/Framework/TestCase.php:1069
[15-Oct-2018 18:44:00 UTC] PHP  14. Tests\Unit\T00001Test->testPageLoad() phar:///usr/local/bin/phpunit/phpunit/Framework/TestCase.php:1069
[15-Oct-2018 18:44:00 UTC] PHP  15. Tests\Unit\T00001Test->get() /Users/jaredclemence/darknet/tests/Unit/T00001Test.php:26
[15-Oct-2018 18:44:00 UTC] PHP  16. Tests\Unit\T00001Test->call() /Users/jaredclemence/darknet/vendor/laravel/framework/src/Illuminate/Foundation/Testing/Concerns/MakesHttpRequests.php:168
[15-Oct-2018 18:44:00 UTC] PHP  17. App\Http\Kernel->handle() /Users/jaredclemence/darknet/vendor/laravel/framework/src/Illuminate/Foundation/Testing/Concerns/MakesHttpRequests.php:345
[15-Oct-2018 18:44:00 UTC] PHP  18. App\Http\Kernel->sendRequestThroughRouter() /Users/jaredclemence/darknet/vendor/laravel/framework/src/Illuminate/Foundation/Http/Kernel.php:116
[15-Oct-2018 18:44:00 UTC] PHP  19. Illuminate\Routing\Pipeline->then() /Users/jaredclemence/darknet/vendor/laravel/framework/src/Illuminate/Foundation/Http/Kernel.php:151
[15-Oct-2018 18:44:00 UTC] PHP  20. Illuminate\Routing\Pipeline->Illuminate\Routing\{closure}() /Users/jaredclemence/darknet/vendor/laravel/framework/src/Illuminate/Pipeline/Pipeline.php:104
[15-Oct-2018 18:44:00 UTC] PHP  21. Illuminate\Routing\Pipeline->Illuminate\Pipeline\{closure}() /Users/jaredclemence/darknet/vendor/laravel/framework/src/Illuminate/Routing/Pipeline.php:53
[15-Oct-2018 18:44:00 UTC] PHP  22. App\Http\Middleware\CheckForMaintenanceMode->handle() /Users/jaredclemence/darknet/vendor/laravel/framework/src/Illuminate/Pipeline/Pipeline.php:151
[15-Oct-2018 18:44:00 UTC] PHP  23. Illuminate\Routing\Pipeline->Illuminate\Routing\{closure}() /Users/jaredclemence/darknet/vendor/laravel/framework/src/Illuminate/Foundation/Http/Middleware/CheckForMaintenanceMode.php:62
[15-Oct-2018 18:44:00 UTC] PHP  24. Illuminate\Routing\Pipeline->Illuminate\Pipeline\{closure}() /Users/jaredclemence/darknet/vendor/laravel/framework/src/Illuminate/Routing/Pipeline.php:53
[15-Oct-2018 18:44:00 UTC] PHP  25. Illuminate\Foundation\Http\Middleware\ValidatePostSize->handle() /Users/jaredclemence/darknet/vendor/laravel/framework/src/Illuminate/Pipeline/Pipeline.php:151
[15-Oct-2018 18:44:00 UTC] PHP  26. Illuminate\Routing\Pipeline->Illuminate\Routing\{closure}() /Users/jaredclemence/darknet/vendor/laravel/framework/src/Illuminate/Foundation/Http/Middleware/ValidatePostSize.php:27
[15-Oct-2018 18:44:00 UTC] PHP  27. Illuminate\Routing\Pipeline->Illuminate\Pipeline\{closure}() /Users/jaredclemence/darknet/vendor/laravel/framework/src/Illuminate/Routing/Pipeline.php:53
[15-Oct-2018 18:44:00 UTC] PHP  28. App\Http\Middleware\TrimStrings->handle() /Users/jaredclemence/darknet/vendor/laravel/framework/src/Illuminate/Pipeline/Pipeline.php:151
[15-Oct-2018 18:44:00 UTC] PHP  29. Illuminate\Routing\Pipeline->Illuminate\Routing\{closure}() /Users/jaredclemence/darknet/vendor/laravel/framework/src/Illuminate/Foundation/Http/Middleware/TransformsRequest.php:31
[15-Oct-2018 18:44:00 UTC] PHP  30. Illuminate\Routing\Pipeline->Illuminate\Pipeline\{closure}() /Users/jaredclemence/darknet/vendor/laravel/framework/src/Illuminate/Routing/Pipeline.php:53
[15-Oct-2018 18:44:00 UTC] PHP  31. Illuminate\Foundation\Http\Middleware\ConvertEmptyStringsToNull->handle() /Users/jaredclemence/darknet/vendor/laravel/framework/src/Illuminate/Pipeline/Pipeline.php:151
[15-Oct-2018 18:44:00 UTC] PHP  32. Illuminate\Routing\Pipeline->Illuminate\Routing\{closure}() /Users/jaredclemence/darknet/vendor/laravel/framework/src/Illuminate/Foundation/Http/Middleware/TransformsRequest.php:31
[15-Oct-2018 18:44:00 UTC] PHP  33. Illuminate\Routing\Pipeline->Illuminate\Pipeline\{closure}() /Users/jaredclemence/darknet/vendor/laravel/framework/src/Illuminate/Routing/Pipeline.php:53
[15-Oct-2018 18:44:00 UTC] PHP  34. App\Http\Middleware\TrustProxies->handle() /Users/jaredclemence/darknet/vendor/laravel/framework/src/Illuminate/Pipeline/Pipeline.php:151
[15-Oct-2018 18:44:00 UTC] PHP  35. Illuminate\Routing\Pipeline->Illuminate\Routing\{closure}() /Users/jaredclemence/darknet/vendor/fideloper/proxy/src/TrustProxies.php:57
[15-Oct-2018 18:44:00 UTC] PHP  36. App\Http\Kernel->Illuminate\Foundation\Http\{closure}() /Users/jaredclemence/darknet/vendor/laravel/framework/src/Illuminate/Routing/Pipeline.php:30
[15-Oct-2018 18:44:00 UTC] PHP  37. Illuminate\Routing\Router->dispatch() /Users/jaredclemence/darknet/vendor/laravel/framework/src/Illuminate/Foundation/Http/Kernel.php:176
[15-Oct-2018 18:44:00 UTC] PHP  38. Illuminate\Routing\Router->dispatchToRoute() /Users/jaredclemence/darknet/vendor/laravel/framework/src/Illuminate/Routing/Router.php:611
[15-Oct-2018 18:44:00 UTC] PHP  39. Illuminate\Routing\Router->runRoute() /Users/jaredclemence/darknet/vendor/laravel/framework/src/Illuminate/Routing/Router.php:622
[15-Oct-2018 18:44:00 UTC] PHP  40. Illuminate\Routing\Router->runRouteWithinStack() /Users/jaredclemence/darknet/vendor/laravel/framework/src/Illuminate/Routing/Router.php:656
[15-Oct-2018 18:44:00 UTC] PHP  41. Illuminate\Routing\Router->gatherRouteMiddleware() /Users/jaredclemence/darknet/vendor/laravel/framework/src/Illuminate/Routing/Router.php:672
[15-Oct-2018 18:44:00 UTC] PHP  42. Illuminate\Routing\Route->gatherMiddleware() /Users/jaredclemence/darknet/vendor/laravel/framework/src/Illuminate/Routing/Router.php:692
[15-Oct-2018 18:44:00 UTC] PHP  43. Illuminate\Routing\Route->controllerMiddleware() /Users/jaredclemence/darknet/vendor/laravel/framework/src/Illuminate/Routing/Route.php:757
[15-Oct-2018 18:44:00 UTC] PHP  44. Illuminate\Routing\Route->getController() /Users/jaredclemence/darknet/vendor/laravel/framework/src/Illuminate/Routing/Route.php:796
[15-Oct-2018 18:44:00 UTC] PHP  45. Illuminate\Foundation\Application->make() /Users/jaredclemence/darknet/vendor/laravel/framework/src/Illuminate/Routing/Route.php:226
[15-Oct-2018 18:44:00 UTC] PHP  46. Illuminate\Foundation\Application->make() /Users/jaredclemence/darknet/vendor/laravel/framework/src/Illuminate/Foundation/Application.php:733
[15-Oct-2018 18:44:00 UTC] PHP  47. Illuminate\Foundation\Application->resolve() /Users/jaredclemence/darknet/vendor/laravel/framework/src/Illuminate/Container/Container.php:609
[15-Oct-2018 18:44:00 UTC] PHP  48. Illuminate\Foundation\Application->build() /Users/jaredclemence/darknet/vendor/laravel/framework/src/Illuminate/Container/Container.php:658
[15-Oct-2018 18:44:00 UTC] PHP  49. ReflectionClass->__construct() /Users/jaredclemence/darknet/vendor/laravel/framework/src/Illuminate/Container/Container.php:779
[15-Oct-2018 18:44:00 UTC] PHP  50. spl_autoload_call() /Users/jaredclemence/darknet/vendor/laravel/framework/src/Illuminate/Container/Container.php:779
[15-Oct-2018 18:44:00 UTC] PHP  51. Composer\Autoload\ClassLoader->loadClass() /Users/jaredclemence/darknet/vendor/laravel/framework/src/Illuminate/Container/Container.php:779
[15-Oct-2018 18:44:00 UTC] PHP  52. Composer\Autoload\includeFile() /Users/jaredclemence/darknet/vendor/composer/ClassLoader.php:322
